Build started 12/08/2011 11:39:45 AM.
     1>Project "C:\Users\Aravind\documents\visual studio 2010\Projects\OpenCV_Helloworld\OpenCV_Helloworld\OpenCV_Helloworld.vcxproj" on node 2 (build target(s)).
     1>InitializeBuildStatus:
         Creating "Debug\OpenCV_Helloworld.unsuccessfulbuild" because "AlwaysCreate" was specified.
       ClCompile:
         All outputs are up-to-date.
         c:\Program Files (x86)\Microsoft Visual Studio 10.0\VC\bin\CL.exe /c /ZI /nologo /W3 /WX- /Od /Oy- /D WIN32 /D _DEBUG /D _CONSOLE /D _UNICODE /D UNICODE /Gm /EHsc /RTC1 /MDd /GS /fp:precise /Zc:wchar_t /Zc:forScope /Yu"StdAfx.h" /Fp"Debug\OpenCV_Helloworld.pch" /Fo"Debug\\" /Fd"Debug\vc100.pdb" /Gd /TP /analyze- /errorReport:prompt OpenCV_Helloworld.cpp
         OpenCV_Helloworld.cpp
     1>c:\users\aravind\documents\visual studio 2010\projects\opencv_helloworld\opencv_helloworld\opencv_helloworld.cpp(74): warning C4244: 'initializing' : conversion from 'double' to 'int', possible loss of data
     1>c:\users\aravind\documents\visual studio 2010\projects\opencv_helloworld\opencv_helloworld\opencv_helloworld.cpp(75): warning C4244: 'initializing' : conversion from 'double' to 'int', possible loss of data
     1>c:\users\aravind\documents\visual studio 2010\projects\opencv_helloworld\opencv_helloworld\opencv_helloworld.cpp(76): warning C4244: 'initializing' : conversion from 'double' to 'int', possible loss of data
     1>c:\users\aravind\documents\visual studio 2010\projects\opencv_helloworld\opencv_helloworld\opencv_helloworld.cpp(116): warning C4244: 'argument' : conversion from 'double' to 'int', possible loss of data
     1>c:\users\aravind\documents\visual studio 2010\projects\opencv_helloworld\opencv_helloworld\opencv_helloworld.cpp(116): warning C4244: 'argument' : conversion from 'double' to 'int', possible loss of data
     1>c:\users\aravind\documents\visual studio 2010\projects\opencv_helloworld\opencv_helloworld\opencv_helloworld.cpp(138): warning C4244: 'argument' : conversion from 'double' to 'int', possible loss of data
       ManifestResourceCompile:
         All outputs are up-to-date.
       Link:
         c:\Program Files (x86)\Microsoft Visual Studio 10.0\VC\bin\link.exe /ERRORREPORT:PROMPT /OUT:"C:\Users\Aravind\documents\visual studio 2010\Projects\OpenCV_Helloworld\Debug\OpenCV_Helloworld.exe" /INCREMENTAL /NOLOGO cv210d.lib cxcore210d.lib highgui210d.lib kernel32.lib user32.lib gdi32.lib winspool.lib comdlg32.lib advapi32.lib shell32.lib ole32.lib oleaut32.lib uuid.lib odbc32.lib odbccp32.lib /MANIFEST /ManifestFile:"Debug\OpenCV_Helloworld.exe.intermediate.manifest" /MANIFESTUAC:"level='asInvoker' uiAccess='false'" /DEBUG /PDB:"C:\Users\Aravind\documents\visual studio 2010\Projects\OpenCV_Helloworld\Debug\OpenCV_Helloworld.pdb" /SUBSYSTEM:CONSOLE /TLBID:1 /DYNAMICBASE /NXCOMPAT /IMPLIB:"C:\Users\Aravind\documents\visual studio 2010\Projects\OpenCV_Helloworld\Debug\OpenCV_Helloworld.lib" /MACHINE:X86 Debug\OpenCV_Helloworld.exe.embed.manifest.res
         Debug\OpenCV_Helloworld.obj
         Debug\stdafx.obj
       Manifest:
         C:\Program Files (x86)\Microsoft SDKs\Windows\v7.0A\bin\mt.exe /nologo /verbose /out:"Debug\OpenCV_Helloworld.exe.embed.manifest" /manifest Debug\OpenCV_Helloworld.exe.intermediate.manifest
         All outputs are up-to-date.
       LinkEmbedManifest:
         All outputs are up-to-date.
         OpenCV_Helloworld.vcxproj -> C:\Users\Aravind\documents\visual studio 2010\Projects\OpenCV_Helloworld\Debug\OpenCV_Helloworld.exe
       FinalizeBuildStatus:
         Deleting file "Debug\OpenCV_Helloworld.unsuccessfulbuild".
         Touching "Debug\OpenCV_Helloworld.lastbuildstate".
     1>Done Building Project "C:\Users\Aravind\documents\visual studio 2010\Projects\OpenCV_Helloworld\OpenCV_Helloworld\OpenCV_Helloworld.vcxproj" (build target(s)).

Build succeeded.

Time Elapsed 00:00:02.53
